<?xml version="1.0" encoding="UTF-8"?>
<!-- Generated by org.testng.reporters.JUnitReportReporter -->
<testsuite hostname="LAPTOP-03AME8OT" failures="0" tests="2" name="testDemo.test.DemoProject" time="0.012" errors="0" timestamp="2023-01-12T10:22:27 IST" skipped="0">
  <testcase classname="testDemo.test.DemoProject" name="name2" time="0.002"/>
  <system-out/>
  <testcase classname="testDemo.test.DemoProject" name="name" time="0.010"/>
  <system-out/>
</testsuite> <!-- testDemo.test.DemoProject -->
