<?xml version="1.0" encoding="UTF-8"?>
<!-- Generated by org.testng.reporters.JUnitReportReporter -->
<testsuite hostname="LAPTOP-03AME8OT" failures="0" tests="2" name="demoTestNG.test.AllAnnotations" time="0.009" errors="0" timestamp="2023-01-11T11:34:13 IST" skipped="0">
  <testcase classname="demoTestNG.test.AllAnnotations" name="crete" time="0.005"/>
  <system-out/>
  <testcase classname="demoTestNG.test.AllAnnotations" name="crete2" time="0.004"/>
  <system-out/>
</testsuite> <!-- demoTestNG.test.AllAnnotations -->
