<?xml version="1.0" encoding="UTF-8"?>
<!-- Generated by org.testng.reporters.JUnitReportReporter -->
<testsuite hostname="LAPTOP-03AME8OT" failures="0" tests="2" name="demoTestNG.test.HomeText" time="9.180" errors="0" timestamp="2023-01-09T20:03:58 IST" skipped="0">
  <testcase classname="demoTestNG.test.HomeText" name="verifysearchbar" time="0.001"/>
  <system-out/>
  <testcase classname="demoTestNG.test.HomeText" name="addTocart" time="9.179"/>
  <system-out/>
</testsuite> <!-- demoTestNG.test.HomeText -->
