<?xml version="1.0" encoding="UTF-8"?>
<!-- Generated by org.testng.reporters.JUnitReportReporter -->
<testsuite hostname="LAPTOP-03AME8OT" failures="0" tests="2" name="demoTestNG.test.LoginTest" time="1.933" errors="0" timestamp="2023-01-10T11:12:21 IST" skipped="0">
  <testcase classname="demoTestNG.test.LoginTest" name="verifylogin2" time="0.003"/>
  <system-out/>
  <testcase classname="demoTestNG.test.LoginTest" name="verifylogin" time="1.930"/>
  <system-out/>
</testsuite> <!-- demoTestNG.test.LoginTest -->
