<?xml version="1.0" encoding="UTF-8"?>
<!-- Generated by org.testng.reporters.JUnitReportReporter -->
<testsuite hostname="LAPTOP-03AME8OT" failures="0" tests="2" name="demoTestNG.test.HomeTest" time="0.020" errors="0" timestamp="2023-01-12T11:12:08 IST" skipped="0">
  <testcase classname="demoTestNG.test.HomeTest" name="verifysearchbar" time="0.010"/>
  <system-out/>
  <testcase classname="demoTestNG.test.HomeTest" name="addTocart" time="0.010"/>
  <system-out/>
</testsuite> <!-- demoTestNG.test.HomeTest -->
