<?xml version="1.0" encoding="UTF-8"?>
<!-- Generated by org.testng.reporters.JUnitReportReporter -->
<testsuite hostname="LAPTOP-03AME8OT" failures="0" tests="3" name="demoTestNG.test2.paymenttest" time="0.004" errors="0" timestamp="2023-01-10T10:47:54 IST" skipped="0">
  <testcase classname="demoTestNG.test2.paymenttest" name="upiPayment" time="0.001"/>
  <system-out/>
  <testcase classname="demoTestNG.test2.paymenttest" name="netBanking" time="0.001"/>
  <system-out/>
  <testcase classname="demoTestNG.test2.paymenttest" name="creditcardpayment" time="0.002"/>
  <system-out/>
</testsuite> <!-- demoTestNG.test2.paymenttest -->
